  GL2_Object.cpp
c:\users\eun\desktop\week9_viewing_final-3\empty_template\gl2\GL2_Material.h(43): warning C4305: '=': 'double'에서 'float'(으)로 잘립니다.
  main.cpp
C:\Program Files (x86)\Windows Kits\10\Include\10.0.15063.0\shared\minwindef.h(130): warning C4005: 'APIENTRY': 매크로 재정의
  C:\Users\eun\Desktop\week9_viewing_final-3\glfw-3.2.1.bin.WIN64\include\GLFW/glfw3.h(98): note: 'APIENTRY'의 이전 정의를 참조하십시오.
c:\users\eun\desktop\week9_viewing_final-3\empty_template\gl2\GL2_Material.h(43): warning C4305: '=': 'double'에서 'float'(으)로 잘립니다.
c:\users\eun\desktop\week9_viewing_final-3\empty_template\ParticleSystem.h(76): warning C4305: '*=': 'double'에서 'float'(으)로 잘립니다.
c:\users\eun\desktop\week9_viewing_final-3\empty_template\BMPImage.h(170): warning C4018: '<': signed 또는 unsigned가 일치하지 않습니다.
c:\users\eun\desktop\week9_viewing_final-3\empty_template\BMPImage.h(171): warning C4018: '<': signed 또는 unsigned가 일치하지 않습니다.
main.cpp(253): warning C4244: '인수': 'double'에서 'const float'(으)로 변환하면서 데이터가 손실될 수 있습니다.
main.cpp(272): warning C4244: '=': 'double'에서 'float'(으)로 변환하면서 데이터가 손실될 수 있습니다.
main.cpp(273): warning C4244: '=': 'double'에서 'float'(으)로 변환하면서 데이터가 손실될 수 있습니다.
main.cpp(278): warning C4244: '초기화 중': 'double'에서 'float'(으)로 변환하면서 데이터가 손실될 수 있습니다.
main.cpp(279): warning C4244: '초기화 중': 'double'에서 'float'(으)로 변환하면서 데이터가 손실될 수 있습니다.
main.cpp(280): warning C4244: '=': 'double'에서 'float'(으)로 변환하면서 데이터가 손실될 수 있습니다.
main.cpp(281): warning C4244: '=': 'double'에서 'float'(으)로 변환하면서 데이터가 손실될 수 있습니다.
main.cpp(316): warning C4244: '=': 'float'에서 'int'(으)로 변환하면서 데이터가 손실될 수 있습니다.
main.cpp(317): warning C4244: '=': 'float'에서 'int'(으)로 변환하면서 데이터가 손실될 수 있습니다.
main.cpp(358): warning C4305: '초기화 중': 'double'에서 'float'(으)로 잘립니다.
  코드를 생성하고 있습니다.
c:\users\eun\desktop\week9_viewing_final-3\empty_template\gl2\gl2_object.h(87): warning C4715: 'GL2_Object::check_pos': 모든 제어 경로에서 값을 반환하지는 않습니다.
  69 of 540 functions (12.8%) were compiled, the rest were copied from previous compilation.
    0 functions were new in current compilation
    10 functions had inline decision re-evaluated but remain unchanged
  코드를 생성했습니다.
  empty_template.vcxproj -> C:\Users\eun\Desktop\week9_viewing_final-3\empty_template\x64\Release\empty_template.exe
